<?xml version="1.0" encoding="UTF-8"?>
<!-- Generated by org.testng.reporters.JUnitReportReporter -->
<testsuite skipped="0" hostname="DESKTOP-MUE1MC5" name="tests.TestCloseApproach" tests="2" failures="0" timestamp="2021-03-11T00:22:39 IST" time="6.141" errors="0">
  <testcase name="TestEarthCloseApproachData" time="1.615" classname="tests.TestCloseApproach"/>
  <testcase name="TestAllCloseApproachAsteroidData" time="4.526" classname="tests.TestCloseApproach"/>
</testsuite> <!-- tests.TestCloseApproach -->
