<?xml version="1.0" encoding="UTF-8"?>
<!-- Generated by org.testng.reporters.JUnitReportReporter -->
<testsuite skipped="0" hostname="DESKTOP-MUE1MC5" name="tests.TestCloseApproach" tests="1" failures="0" timestamp="2021-03-14T20:13:21 IST" time="4.115" errors="0">
  <testcase name="TestAllCloseApproachAsteroidBetweenDateRange" time="4.115" classname="tests.TestCloseApproach"/>
</testsuite> <!-- tests.TestCloseApproach -->
