<?xml version="1.0" encoding="UTF-8"?>
<!-- Generated by org.testng.reporters.JUnitReportReporter -->
<testsuite skipped="0" hostname="DESKTOP-MUE1MC5" name="apitests.TestAllCloseApproach" tests="6" failures="0" timestamp="2021-03-21T13:01:32 IST" time="9.288" errors="0">
  <testcase name="VerifyOrbitIDWithRespectiveDesignationValue" time="1.541" classname="apitests.TestAllCloseApproach"/>
  <testcase name="VerifyOrbitIDWithRespectiveDesignationValue" time="1.477" classname="apitests.TestAllCloseApproach"/>
  <testcase name="VerifyAllCloseApproachAsteroidBetweenDateRange" time="1.534" classname="apitests.TestAllCloseApproach"/>
  <testcase name="VerifyAllCloseApproachAsteroidResponseIsNotNull" time="1.549" classname="apitests.TestAllCloseApproach"/>
  <testcase name="VerifyAllCloseApproachAsteroidsWithinDistanceRange" time="1.634" classname="apitests.TestAllCloseApproach"/>
  <testcase name="VerifyAllCloseApproachAsteroidResponseSignatureIsValid" time="1.553" classname="apitests.TestAllCloseApproach"/>
</testsuite> <!-- apitests.TestAllCloseApproach -->
