<?xml version="1.0" encoding="UTF-8"?>
<!-- Generated by org.testng.reporters.JUnitReportReporter -->
<testsuite skipped="0" hostname="DESKTOP-MUE1MC5" name="apitests.TestEarthCloseApproach" tests="4" failures="0" timestamp="2021-03-19T21:15:40 IST" time="11.524" errors="0">
  <testcase name="TestEarthCloseApproachSortedAscending" time="1.917" classname="apitests.TestEarthCloseApproach"/>
  <testcase name="VerifyEarthCloseApproachAsteroidResponseIsNotNull" time="5.832" classname="apitests.TestEarthCloseApproach"/>
  <testcase name="TestEarthCloseApproachSortedDescending" time="1.836" classname="apitests.TestEarthCloseApproach"/>
  <testcase name="VerifyEarthCloseApproachAsteroidResponseSignatureIsValid" time="1.939" classname="apitests.TestEarthCloseApproach"/>
</testsuite> <!-- apitests.TestEarthCloseApproach -->
