<?xml version="1.0" encoding="UTF-8"?>
<!-- Generated by org.testng.reporters.JUnitReportReporter -->
<testsuite skipped="0" hostname="DESKTOP-MUE1MC5" name="tests.TestAllCloseApproach" tests="5" failures="0" timestamp="2021-03-14T23:33:13 IST" time="10.209" errors="0">
  <testcase name="TestAllCloseApproachAsteroidBetweenDateRange" time="4.044" classname="tests.TestAllCloseApproach"/>
  <testcase name="TestAllCloseApproachAsteroidResponseIsNotNull" time="1.589" classname="tests.TestAllCloseApproach"/>
  <testcase name="TestOrbitIDWithRespectiveDesignationValue" time="1.535" classname="tests.TestAllCloseApproach"/>
  <testcase name="TestAllCloseApproachAsteroidWithinDistanceRange" time="1.521" classname="tests.TestAllCloseApproach"/>
  <testcase name="TestOrbitIDWithRespectiveDesignationValue" time="1.520" classname="tests.TestAllCloseApproach"/>
</testsuite> <!-- tests.TestAllCloseApproach -->
