<?xml version="1.0" encoding="UTF-8"?>
<!-- Generated by org.testng.reporters.JUnitReportReporter -->
<testsuite skipped="0" hostname="DESKTOP-MUE1MC5" name="apitests.TestEarthCloseApproach" tests="4" failures="0" timestamp="2021-03-21T13:01:32 IST" time="13.066" errors="0">
  <testcase name="VerifyEarthCloseApproachAsteroidResponseIsNotNull" time="4.997" classname="apitests.TestEarthCloseApproach"/>
  <testcase name="TestEarthCloseApproachSortedAscending" time="1.922" classname="apitests.TestEarthCloseApproach"/>
  <testcase name="TestEarthCloseApproachSortedDescending" time="2.337" classname="apitests.TestEarthCloseApproach"/>
  <testcase name="VerifyEarthCloseApproachAsteroidResponseSignatureIsValid" time="3.810" classname="apitests.TestEarthCloseApproach"/>
</testsuite> <!-- apitests.TestEarthCloseApproach -->
