<?xml version="1.0" encoding="UTF-8"?>
<!-- Generated by org.testng.reporters.JUnitReportReporter -->
<testsuite skipped="0" hostname="DESKTOP-MUE1MC5" name="apitests.TestAllCloseApproach" tests="6" failures="0" timestamp="2021-03-20T14:50:47 IST" time="10.302" errors="0">
  <testcase name="VerifyAllCloseApproachAsteroidResponseIsNotNull" time="1.737" classname="apitests.TestAllCloseApproach"/>
  <testcase name="VerifyAllCloseApproachAsteroidBetweenDateRange" time="1.728" classname="apitests.TestAllCloseApproach"/>
  <testcase name="VerifyAllCloseApproachAsteroidsWithinDistanceRange" time="1.722" classname="apitests.TestAllCloseApproach"/>
  <testcase name="VerifyOrbitIDWithRespectiveDesignationValue" time="1.721" classname="apitests.TestAllCloseApproach"/>
  <testcase name="VerifyOrbitIDWithRespectiveDesignationValue" time="1.705" classname="apitests.TestAllCloseApproach"/>
  <testcase name="VerifyAllCloseApproachAsteroidResponseSignatureIsValid" time="1.689" classname="apitests.TestAllCloseApproach"/>
</testsuite> <!-- apitests.TestAllCloseApproach -->
