<?xml version="1.0" encoding="UTF-8"?>
<!-- Generated by org.testng.reporters.JUnitReportReporter -->
<testsuite skipped="0" hostname="DESKTOP-MUE1MC5" name="apitests.TestEarthCloseApproach" tests="4" failures="0" timestamp="2021-03-20T14:50:47 IST" time="10.797" errors="0">
  <testcase name="TestEarthCloseApproachSortedAscending" time="1.837" classname="apitests.TestEarthCloseApproach"/>
  <testcase name="TestEarthCloseApproachSortedDescending" time="1.823" classname="apitests.TestEarthCloseApproach"/>
  <testcase name="VerifyEarthCloseApproachAsteroidResponseIsNotNull" time="5.291" classname="apitests.TestEarthCloseApproach"/>
  <testcase name="VerifyEarthCloseApproachAsteroidResponseSignatureIsValid" time="1.846" classname="apitests.TestEarthCloseApproach"/>
</testsuite> <!-- apitests.TestEarthCloseApproach -->
