<?xml version="1.0" encoding="UTF-8"?>
<!-- Generated by org.testng.reporters.JUnitReportReporter -->
<testsuite skipped="0" hostname="DESKTOP-MUE1MC5" name="apitests.TestAllCloseApproach" tests="6" failures="0" timestamp="2021-03-20T15:00:25 IST" time="9.514" errors="0">
  <testcase name="VerifyOrbitIDWithRespectiveDesignationValue" time="1.556" classname="apitests.TestAllCloseApproach"/>
  <system-out/>
  <testcase name="VerifyAllCloseApproachAsteroidResponseIsNotNull" time="1.588" classname="apitests.TestAllCloseApproach"/>
  <system-out/>
  <testcase name="VerifyOrbitIDWithRespectiveDesignationValue" time="1.576" classname="apitests.TestAllCloseApproach"/>
  <system-out/>
  <testcase name="VerifyAllCloseApproachAsteroidsWithinDistanceRange" time="1.603" classname="apitests.TestAllCloseApproach"/>
  <system-out/>
  <testcase name="VerifyAllCloseApproachAsteroidBetweenDateRange" time="1.568" classname="apitests.TestAllCloseApproach"/>
  <system-out/>
  <testcase name="VerifyAllCloseApproachAsteroidResponseSignatureIsValid" time="1.623" classname="apitests.TestAllCloseApproach"/>
  <system-out/>
</testsuite> <!-- apitests.TestAllCloseApproach -->
