<?xml version="1.0" encoding="UTF-8"?>
<!-- Generated by org.testng.reporters.JUnitReportReporter -->
<testsuite skipped="0" hostname="DESKTOP-MUE1MC5" name="apitests.TestEarthCloseApproach" tests="2" failures="0" timestamp="2021-03-17T11:48:27 IST" time="12.319" errors="0">
  <testcase name="TestEarthCloseApproachSortedDescending" time="4.096" classname="apitests.TestEarthCloseApproach"/>
  <system-out/>
  <testcase name="TestEarthCloseApproachSortedAscending" time="8.223" classname="apitests.TestEarthCloseApproach"/>
  <system-out/>
</testsuite> <!-- apitests.TestEarthCloseApproach -->
