<?xml version="1.0" encoding="UTF-8"?>
<!-- Generated by org.testng.reporters.JUnitReportReporter -->
<testsuite skipped="0" hostname="DESKTOP-MUE1MC5" name="apitests.TestAllCloseApproach" tests="5" failures="0" timestamp="2021-03-17T11:48:26 IST" time="8.166" errors="0">
  <testcase name="TestAllCloseApproachAsteroidResponseIsNotNull" time="1.647" classname="apitests.TestAllCloseApproach"/>
  <system-out/>
  <testcase name="TestOrbitIDWithRespectiveDesignationValue" time="1.617" classname="apitests.TestAllCloseApproach"/>
  <system-out/>
  <testcase name="TestOrbitIDWithRespectiveDesignationValue" time="1.619" classname="apitests.TestAllCloseApproach"/>
  <system-out/>
  <testcase name="TestAllCloseApproachAsteroidBetweenDateRange" time="1.699" classname="apitests.TestAllCloseApproach"/>
  <system-out/>
  <testcase name="TestAllCloseApproachAsteroidWithinDistanceRange" time="1.584" classname="apitests.TestAllCloseApproach"/>
  <system-out/>
</testsuite> <!-- apitests.TestAllCloseApproach -->
