<?xml version="1.0" encoding="UTF-8"?>
<!-- Generated by org.testng.reporters.JUnitReportReporter -->
<testsuite skipped="0" hostname="DESKTOP-MUE1MC5" name="apitests.TestEarthCloseApproach" tests="4" failures="0" timestamp="2021-03-20T15:00:25 IST" time="13.492" errors="0">
  <testcase name="TestEarthCloseApproachSortedAscending" time="1.820" classname="apitests.TestEarthCloseApproach"/>
  <system-out/>
  <testcase name="VerifyEarthCloseApproachAsteroidResponseIsNotNull" time="7.459" classname="apitests.TestEarthCloseApproach"/>
  <system-out/>
  <testcase name="TestEarthCloseApproachSortedDescending" time="2.372" classname="apitests.TestEarthCloseApproach"/>
  <system-out/>
  <testcase name="VerifyEarthCloseApproachAsteroidResponseSignatureIsValid" time="1.841" classname="apitests.TestEarthCloseApproach"/>
  <system-out/>
</testsuite> <!-- apitests.TestEarthCloseApproach -->
