<?xml version="1.0" encoding="UTF-8"?>
<!-- Generated by org.testng.reporters.JUnitReportReporter -->
<testsuite skipped="0" hostname="DESKTOP-MUE1MC5" name="hellosvctest.TestHelloService" tests="5" failures="0" timestamp="2021-03-20T15:00:25 IST" time="0.785" errors="0">
  <testcase name="verifyHelloServiceUpAndRunning" time="0.401" classname="hellosvctest.TestHelloService"/>
  <system-out/>
  <testcase name="verifyHelloSvcReturnsWholeString" time="0.112" classname="hellosvctest.TestHelloService"/>
  <system-out/>
  <testcase name="verifyHelloSvcGivesResponseWithSingleWord" time="0.091" classname="hellosvctest.TestHelloService"/>
  <system-out/>
  <testcase name="verifyHelloSvcShouldNotBreakForEmptyString" time="0.084" classname="hellosvctest.TestHelloService"/>
  <system-out/>
  <testcase name="verifyHelloSvcRevertsNumericString" time="0.097" classname="hellosvctest.TestHelloService"/>
  <system-out/>
</testsuite> <!-- hellosvctest.TestHelloService -->
